<?xml version="1.0" encoding="UTF-8"?>
<!-- Generated by org.testng.reporters.JUnitXMLReporter -->
<testsuite hostname="Swati-VAIO" ignored="0" name="Test C2" tests="1" failures="0" timestamp="22 Feb 2018 16:45:19 GMT" time="0.003" errors="0">
  <testcase name="@BeforeSuite checksSkipSuite" time="0.002" classname="com.qtpselenium.suiteC.TestSuieBase">
    <skipped/>
  </testcase> <!-- @BeforeSuite checksSkipSuite -->
  <testcase name="@BeforeTest checkTestSkip" time="0.0" classname="com.qtpselenium.suiteC.TestCase_C2">
    <skipped/>
  </testcase> <!-- @BeforeTest checkTestSkip -->
  <testcase name="testcaseC2" time="0.0" classname="com.qtpselenium.suiteC.TestCase_C2">
    <skipped/>
  </testcase> <!-- testcaseC2 -->
</testsuite> <!-- Test C2 -->
