<?xml version="1.0" encoding="UTF-8"?>
<!-- Generated by org.testng.reporters.JUnitXMLReporter -->
<testsuite hostname="Swati-VAIO" ignored="0" name="Test A2" tests="2" failures="0" timestamp="22 Feb 2018 16:45:19 GMT" time="0.013" errors="0">
  <testcase name="testcaseA2" time="0.002" classname="com.qtpselenium.suiteA.TestCase_A2"/>
  <testcase name="testcaseA2" time="0.002" classname="com.qtpselenium.suiteA.TestCase_A2">
    <skipped/>
  </testcase> <!-- testcaseA2 -->
</testsuite> <!-- Test A2 -->
