<?xml version="1.0" encoding="UTF-8"?>
<!-- Generated by org.testng.reporters.JUnitXMLReporter -->
<testsuite hostname="Swati-VAIO" ignored="0" name="Test B1" tests="3" failures="0" timestamp="22 Feb 2018 16:45:19 GMT" time="0.041" errors="0">
  <testcase name="@BeforeSuite checkSuiteSkip" time="0.001" classname="com.qtpselenium.suiteB.TestSuieBase">
    <skipped/>
  </testcase> <!-- @BeforeSuite checkSuiteSkip -->
  <testcase name="@BeforeTest checkTestSkip" time="0.0" classname="com.qtpselenium.suiteB.TestCase_B1">
    <skipped/>
  </testcase> <!-- @BeforeTest checkTestSkip -->
  <testcase name="testcaseB1" time="0.001" classname="com.qtpselenium.suiteB.TestCase_B1">
    <skipped/>
  </testcase> <!-- testcaseB1 -->
  <testcase name="testcaseB1" time="0.0" classname="com.qtpselenium.suiteB.TestCase_B1">
    <skipped/>
  </testcase> <!-- testcaseB1 -->
  <testcase name="testcaseB1" time="0.0" classname="com.qtpselenium.suiteB.TestCase_B1">
    <skipped/>
  </testcase> <!-- testcaseB1 -->
</testsuite> <!-- Test B1 -->
